<?xml version="1.0" encoding="UTF-8" ?>
<testsuite tests="7" failures="0" name="models.dao.Sql2oDepNewsTest" time="0.505" errors="0" skipped="0">
  <properties>
[...]
</properties>
  <testcase classname="models.dao.Sql2oDepNewsTest" name="canGetOnlyThoseWhoseTypeIsDepartment" time="0.074"/>
  <testcase classname="models.dao.Sql2oDepNewsTest" name="canDeleteAllDepNews" time="0.081"/>
  <testcase classname="models.dao.Sql2oDepNewsTest" name="canAddDepNewsToDatabase" time="0.05"/>
  <testcase classname="models.dao.Sql2oDepNewsTest" name="canAddMoreThanOneDepNews" time="0.067"/>
  <testcase classname="models.dao.Sql2oDepNewsTest" name="canDeleteDepNewsUsingId" time="0.091"/>
  <testcase classname="models.dao.Sql2oDepNewsTest" name="canFindDepNewsById" time="0.058"/>
  <testcase classname="models.dao.Sql2oDepNewsTest" name="canGetAllNewsForASingleDepartment" time="0.084"/>
</testsuite>